=== START CLEAN DEPLOY ===
Step 1: Deleting existing worker...

 ⛅️ wrangler 3.114.17 (update available 4.60.0)
-----------------------------------------------

[33m▲ [43;33m[[43;30mWARNING[43;33m][0m [1mThe version of Wrangler you are using is now out-of-date.[0m

  Please update to the latest version to prevent critical errors.
  Run `npm install --save-dev wrangler@4` to update to the latest version.
  After installation, run Wrangler with `npx wrangler`.


Successfully deleted lastrite

Step 2: Deploying new version...

Cloudflare collects anonymous telemetry about your usage of Wrangler. Learn more at https://github.com/cloudflare/workers-sdk/tree/main/packages/wrangler/telemetry.md

 ⛅️ wrangler 3.114.17 (update available 4.60.0)
-----------------------------------------------

[33m▲ [43;33m[[43;30mWARNING[43;33m][0m [1mThe version of Wrangler you are using is now out-of-date.[0m

  Please update to the latest version to prevent critical errors.
  Run `npm install --save-dev wrangler@4` to update to the latest version.
  After installation, run Wrangler with `npx wrangler`.


Total Upload: 56.00 KiB / gzip: 13.49 KiB
No bindings found.
Uploaded lastrite (1.88 sec)

[31m✘ [41;31m[[41;97mERROR[41;31m][0m [1mReceived a malformed response from the API[0m

  <html>
  <head><title>403 Forbidden</title></head>
  <body>
  <center><h1>403 Forbidden</h1></center>
  ... (length = 154)

  POST /accounts/b7a623571b1f17371cb3f59bdd8dafe4/workers/scripts/lastrite/subdomain -> 403 Forbidden
  
  If you think this is a bug, please open an issue at: [4mhttps://github.com/cloudflare/workers-sdk/issues/new/choose[0m


🪵  Logs were written to "/home/runner/.config/.wrangler/logs/wrangler-2026-01-23_06-37-37_131.log"
